Arguments: 
  /Users/elvea/Tools/node/node/bin/node /Users/elvea/Tools/node/yarn/bin/yarn.js install

PATH: 
  /Users/elvea/Tools/ruby/rvm/gems/ruby-2.6.0/bin:/Users/elvea/Tools/ruby/rvm/gems/ruby-2.6.0@global/bin:/Users/elvea/Tools/ruby/rvm/rubies/ruby-2.6.0/bin:/usr/local/bin:/opt/local/bin:/opt/local/sbin:/Users/elvea/Tools/ruby/rvm//bin:/Users/elvea/Tools/net/sdk/:/Library/Java/JavaVirtualMachines/jdk1.8.0_221.jdk/Contents/Home/bin:/Users/elvea/Java/ant/bin:/Users/elvea/Java/maven/bin:/Users/elvea/Java/gradle/bin:/Users/elvea/Java/groovy/bin:/Users/elvea/Java/scala/bin:/Users/elvea/Java/kotlin/bin:/Users/elvea/Java/android-sdk/tools:/Users/elvea/Java/android-sdk/tools/bin:/Users/elvea/Java/android-sdk/platform-tools:/usr/local/git/bin:/opt/subversion/bin:/Library/Frameworks/Python.framework/Versions/3.7/bin:/Users/elvea/tools/go/go/bin:/Users/elvea/tools/composer:/Users/elvea/Tools/node/yarn/bin:/Users/elvea/Tools/node/node-npm/bin:/Users/elvea/Tools/node/node/bin:/usr/local/mysql/bin:/Users/elvea/Tools/redis/redis/bin:/Users/elvea/Tools/mongodb/mongodb/bin:/Users/elvea/Tools/rabbitmq/sbin:/Users/elvea/Tools/elastic/elasticsearch/bin:/Users/elvea/Tools/flutter/bin:/usr/local/bin:/usr/bin:/bin:/usr/sbin:/sbin:/Users/elvea/Tools/ruby/rvm/bin

Yarn version: 
  1.17.3

Node version: 
  10.16.2

Platform: 
  darwin x64

Trace: 
  Error: https://registry.npm.taobao.org/lodash/download/lodash-4.17.15.tgz: socket hang up
      at createHangUpError (_http_client.js:323:15)
      at Socket.socketOnEnd (_http_client.js:426:23)
      at Socket.emit (events.js:203:15)
      at endReadableNT (_stream_readable.js:1145:12)
      at process._tickCallback (internal/process/next_tick.js:63:19)

npm manifest: 
  {
      "name" : "web",
      "version" : "1.0.0",
      "private" : true,
      "scripts" : {
          "start" : "npx cross-env environment=development webpack-dev-server --hot --mode development --port 8081",
          "build" : "npx cross-env environment=production webpack --mode production"
      },
      "dependencies" : {
          "antd" : "^3.21.4",
          "antd-mobile" : "^2.2.14",
          "react" : "^16.9.0",
          "react-dom" : "^16.9.0",
          "react-router" : "^5.0.1",
          "react-router-dom" : "^5.0.1",
          "react-helmet" : "^5.2.1",
          "react-markdown" : "^4.1.0",
          "react-dropdown" : "^1.6.4",
          "react-dropzone" : "^10.1.7",
          "react-draggable" : "^3.3.0",
          "react-virtualized" : "^9.21.1",
          "react-hot-loader" : "^4.12.10",
          "@hot-loader/react-dom" : "^16.8.6",
          "react-intl-universal" : "^2.1.3",
          "mobx" : "^5.13.0",
          "mobx-utils" : "^5.4.1",
          "mobx-react" : "^6.1.3",
          "mobx-react-router" : "^4.0.7",
          "qs" : "^6.7.0",
          "axios" : "^0.19.0",
          "history" : "^4.9.0",
          "video.js" : "^7.6.2",
          "lodash" : "^4.17.15",
          "moment" : "^2.24.0",
          "dplayer" : "^1.25.0",
          "date-fns" : "^1.30.1",
          "localforage" : "^1.7.3",
          "jsonwebtoken" : "^8.5.1",
          "draft-js" : "^0.11.0",
          "braft-editor" : "^2.3.7",
          "quill" : "^1.3.6",
          "react-quill" : "^1.3.3"
      },
      "devDependencies" : {
          "@types/node" : "^12.7.1",
          "@types/react" : "^16.9.1",
          "@types/draft-js" : "^0.10.34",
          "@types/react-dom" : "^16.8.5",
          "@types/react-router" : "^5.0.3",
          "@types/react-helmet" : "^5.0.9",
          "@types/react-router-dom" : "^4.3.4",
          "@types/qs" : "^6.5.3",
          "@types/quill" : "^2.0.2",
          "@types/lodash" : "^4.14.136",
          "@types/history" : "^4.7.2",
          "@types/dplayer" : "^1.25.0",
          "@types/video.js" : "^7.2.11",
          "@types/jsonwebtoken" : "^8.3.3",
          "@types/react-virtualized" : "^9.21.4",
          "webpack" : "^4.39.1",
          "webpack-cli" : "^3.3.6",
          "webpack-merge" : "^4.2.1",
          "webpack-dev-server" : "^3.8.0",
          "webpack-hot-middleware" : "^2.25.0",
          "webpack-bundle-analyzer" : "^3.4.1",
          "copy-webpack-plugin" : "^5.0.4",
          "html-webpack-plugin" : "^3.2.0",
          "clean-webpack-plugin" : "^3.0.0",
          "mini-css-extract-plugin" : "^0.8.0",
          "uglifyjs-webpack-plugin" : "^2.2.0",
          "optimize-css-assets-webpack-plugin" : "^5.0.3",
          "ts-loader" : "^6.0.4",
          "css-loader" : "^3.2.0",
          "file-loader" : "^4.2.0",
          "html-loader" : "^0.5.5",
          "less-loader" : "^5.0.0",
          "source-map-loader" : "^0.2.4",
          "ts-import-plugin" : "^1.6.1",
          "less" : "^3.9.0",
          "path" : "^0.12.7",
          "typescript" : "^3.5.3",
          "tslint" : "^5.18.0",
          "tslint-eslint-rules" : "^5.4.0",
          "tsconfig-paths" : "^3.8.0",
          "tsconfig-paths-webpack-plugin" : "^3.2.0"
      }
  }

yarn manifest: 
  No manifest

Lockfile: 
  No lockfile
